running install
running build_deps
-- Compiling with OpenMP support
-- Could not find hardware support for NEON on this machine.
-- No OMAP3 processor on this machine.
-- No OMAP4 processor on this machine.
-- SSE2 Found
-- SSE3 Found
-- AVX Found
-- AVX2 Found
-- TH_SO_VERSION: 1
-- Atomics: using GCC intrinsics
-- Checking for [mkl_gf_lp64 - mkl_gnu_thread - mkl_core - gomp - pthread - m - dl]
--   Library mkl_gf_lp64: not found
-- Checking for [mkl_gf_lp64 - mkl_intel_thread - mkl_core - gomp - pthread - m - dl]
--   Library mkl_gf_lp64: not found
-- Checking for [mkl_gf - mkl_gnu_thread - mkl_core - gomp - pthread - m - dl]
--   Library mkl_gf: not found
-- Checking for [mkl_gf - mkl_intel_thread - mkl_core - gomp - pthread - m - dl]
--   Library mkl_gf: not found
-- Checking for [mkl_intel_lp64 - mkl_gnu_thread - mkl_core - gomp - pthread - m - dl]
--   Library mkl_intel_lp64: /home/philipp/anaconda2/lib/libmkl_intel_lp64.so
--   Library mkl_gnu_thread: not found
-- Checking for [mkl_intel_lp64 - mkl_intel_thread - mkl_core - gomp - pthread - m - dl]
--   Library mkl_intel_lp64: /home/philipp/anaconda2/lib/libmkl_intel_lp64.so
--   Library mkl_intel_thread: /home/philipp/anaconda2/lib/libmkl_intel_thread.so
--   Library mkl_core: /home/philipp/anaconda2/lib/libmkl_core.so
--   Library gomp: -fopenmp
--   Library pthread: /usr/lib/x86_64-linux-gnu/libpthread.so
--   Library m: /usr/lib/x86_64-linux-gnu/libm.so
--   Library dl: /usr/lib/x86_64-linux-gnu/libdl.so
-- Checking for [mkl_intel - mkl_gnu_thread - mkl_core - gomp - pthread - m - dl]
--   Library mkl_intel: not found
-- Checking for [mkl_intel - mkl_intel_thread - mkl_core - gomp - pthread - m - dl]
--   Library mkl_intel: not found
-- Checking for [mkl_gf_lp64 - mkl_gnu_thread - mkl_core - iomp5 - pthread - m - dl]
--   Library mkl_gf_lp64: not found
-- Checking for [mkl_gf_lp64 - mkl_intel_thread - mkl_core - iomp5 - pthread - m - dl]
--   Library mkl_gf_lp64: not found
-- Checking for [mkl_gf - mkl_gnu_thread - mkl_core - iomp5 - pthread - m - dl]
--   Library mkl_gf: not found
-- Checking for [mkl_gf - mkl_intel_thread - mkl_core - iomp5 - pthread - m - dl]
--   Library mkl_gf: not found
-- Checking for [mkl_intel_lp64 - mkl_gnu_thread - mkl_core - iomp5 - pthread - m - dl]
--   Library mkl_intel_lp64: /home/philipp/anaconda2/lib/libmkl_intel_lp64.so
--   Library mkl_gnu_thread: not found
-- Checking for [mkl_intel_lp64 - mkl_intel_thread - mkl_core - iomp5 - pthread - m - dl]
--   Library mkl_intel_lp64: /home/philipp/anaconda2/lib/libmkl_intel_lp64.so
--   Library mkl_intel_thread: /home/philipp/anaconda2/lib/libmkl_intel_thread.so
--   Library mkl_core: /home/philipp/anaconda2/lib/libmkl_core.so
--   Library iomp5: /home/philipp/anaconda2/lib/libiomp5.so
--   Library pthread: /usr/lib/x86_64-linux-gnu/libpthread.so
--   Library m: /usr/lib/x86_64-linux-gnu/libm.so
--   Library dl: /usr/lib/x86_64-linux-gnu/libdl.so
-- MKL library found
-- Found a library with BLAS API (mkl).
-- Found a library with LAPACK API. (mkl)
-- Configuring done
-- Generating done
-- Build files have been written to: /home/philipp/projects/pytorch/torch/lib/build/TH
[100%] Built target TH
Install the project...
-- Install configuration: "Release"
-- Installing: /home/philipp/projects/pytorch/torch/lib/tmp_install/lib/libTH.so.1
-- Installing: /home/philipp/projects/pytorch/torch/lib/tmp_install/lib/libTH.so
-- Set runtime path of "/home/philipp/projects/pytorch/torch/lib/tmp_install/lib/libTH.so.1" to ""
-- Up-to-date: /home/philipp/projects/pytorch/torch/lib/tmp_install/include/TH/TH.h
-- Up-to-date: /home/philipp/projects/pytorch/torch/lib/tmp_install/include/TH/THAllocator.h
-- Up-to-date: /home/philipp/projects/pytorch/torch/lib/tmp_install/include/TH/THMath.h
-- Up-to-date: /home/philipp/projects/pytorch/torch/lib/tmp_install/include/TH/THBlas.h
-- Up-to-date: /home/philipp/projects/pytorch/torch/lib/tmp_install/include/TH/THDiskFile.h
-- Up-to-date: /home/philipp/projects/pytorch/torch/lib/tmp_install/include/TH/THFile.h
-- Up-to-date: /home/philipp/projects/pytorch/torch/lib/tmp_install/include/TH/THFilePrivate.h
-- Up-to-date: /home/philipp/projects/pytorch/torch/lib/tmp_install/include/TH/THGeneral.h
-- Up-to-date: /home/philipp/projects/pytorch/torch/lib/tmp_install/include/TH/THGenerateAllTypes.h
-- Up-to-date: /home/philipp/projects/pytorch/torch/lib/tmp_install/include/TH/THGenerateDoubleType.h
-- Up-to-date: /home/philipp/projects/pytorch/torch/lib/tmp_install/include/TH/THGenerateFloatType.h
-- Up-to-date: /home/philipp/projects/pytorch/torch/lib/tmp_install/include/TH/THGenerateHalfType.h
-- Up-to-date: /home/philipp/projects/pytorch/torch/lib/tmp_install/include/TH/THGenerateLongType.h
-- Up-to-date: /home/philipp/projects/pytorch/torch/lib/tmp_install/include/TH/THGenerateIntType.h
-- Up-to-date: /home/philipp/projects/pytorch/torch/lib/tmp_install/include/TH/THGenerateShortType.h
-- Up-to-date: /home/philipp/projects/pytorch/torch/lib/tmp_install/include/TH/THGenerateCharType.h
-- Up-to-date: /home/philipp/projects/pytorch/torch/lib/tmp_install/include/TH/THGenerateByteType.h
-- Up-to-date: /home/philipp/projects/pytorch/torch/lib/tmp_install/include/TH/THGenerateFloatTypes.h
-- Up-to-date: /home/philipp/projects/pytorch/torch/lib/tmp_install/include/TH/THGenerateComplexTypes.h
-- Up-to-date: /home/philipp/projects/pytorch/torch/lib/tmp_install/include/TH/THGenerateFloatAndComplexTypes.h
-- Up-to-date: /home/philipp/projects/pytorch/torch/lib/tmp_install/include/TH/THGenerateIntTypes.h
-- Up-to-date: /home/philipp/projects/pytorch/torch/lib/tmp_install/include/TH/THLapack.h
-- Up-to-date: /home/philipp/projects/pytorch/torch/lib/tmp_install/include/TH/THLogAdd.h
-- Up-to-date: /home/philipp/projects/pytorch/torch/lib/tmp_install/include/TH/THMemoryFile.h
-- Up-to-date: /home/philipp/projects/pytorch/torch/lib/tmp_install/include/TH/THRandom.h
-- Up-to-date: /home/philipp/projects/pytorch/torch/lib/tmp_install/include/TH/THSize.h
-- Up-to-date: /home/philipp/projects/pytorch/torch/lib/tmp_install/include/TH/THStorage.h
-- Up-to-date: /home/philipp/projects/pytorch/torch/lib/tmp_install/include/TH/THTensor.h
-- Up-to-date: /home/philipp/projects/pytorch/torch/lib/tmp_install/include/TH/THTensorApply.h
-- Up-to-date: /home/philipp/projects/pytorch/torch/lib/tmp_install/include/TH/THTensorDimApply.h
-- Up-to-date: /home/philipp/projects/pytorch/torch/lib/tmp_install/include/TH/THTensorMacros.h
-- Up-to-date: /home/philipp/projects/pytorch/torch/lib/tmp_install/include/TH/THVector.h
-- Up-to-date: /home/philipp/projects/pytorch/torch/lib/tmp_install/include/TH/THAtomic.h
-- Up-to-date: /home/philipp/projects/pytorch/torch/lib/tmp_install/include/TH/THHalf.h
-- Up-to-date: /home/philipp/projects/pytorch/torch/lib/tmp_install/include/TH/vector/AVX.h
-- Up-to-date: /home/philipp/projects/pytorch/torch/lib/tmp_install/include/TH/vector/AVX2.h
-- Up-to-date: /home/philipp/projects/pytorch/torch/lib/tmp_install/include/TH/generic/THBlas.c
-- Up-to-date: /home/philipp/projects/pytorch/torch/lib/tmp_install/include/TH/generic/THBlas.h
-- Up-to-date: /home/philipp/projects/pytorch/torch/lib/tmp_install/include/TH/generic/THLapack.c
-- Up-to-date: /home/philipp/projects/pytorch/torch/lib/tmp_install/include/TH/generic/THLapack.h
-- Up-to-date: /home/philipp/projects/pytorch/torch/lib/tmp_install/include/TH/generic/THStorage.c
-- Up-to-date: /home/philipp/projects/pytorch/torch/lib/tmp_install/include/TH/generic/THStorage.h
-- Up-to-date: /home/philipp/projects/pytorch/torch/lib/tmp_install/include/TH/generic/THStorageCopy.c
-- Up-to-date: /home/philipp/projects/pytorch/torch/lib/tmp_install/include/TH/generic/THStorageCopy.h
-- Up-to-date: /home/philipp/projects/pytorch/torch/lib/tmp_install/include/TH/generic/THTensor.c
-- Up-to-date: /home/philipp/projects/pytorch/torch/lib/tmp_install/include/TH/generic/THTensor.h
-- Up-to-date: /home/philipp/projects/pytorch/torch/lib/tmp_install/include/TH/generic/THTensorConv.c
-- Up-to-date: /home/philipp/projects/pytorch/torch/lib/tmp_install/include/TH/generic/THTensorConv.h
-- Up-to-date: /home/philipp/projects/pytorch/torch/lib/tmp_install/include/TH/generic/THTensorCopy.c
-- Up-to-date: /home/philipp/projects/pytorch/torch/lib/tmp_install/include/TH/generic/THTensorCopy.h
-- Up-to-date: /home/philipp/projects/pytorch/torch/lib/tmp_install/include/TH/generic/THTensorLapack.c
-- Up-to-date: /home/philipp/projects/pytorch/torch/lib/tmp_install/include/TH/generic/THTensorLapack.h
-- Up-to-date: /home/philipp/projects/pytorch/torch/lib/tmp_install/include/TH/generic/THTensorMath.c
-- Up-to-date: /home/philipp/projects/pytorch/torch/lib/tmp_install/include/TH/generic/THTensorMath.h
-- Up-to-date: /home/philipp/projects/pytorch/torch/lib/tmp_install/include/TH/generic/THTensorRandom.c
-- Up-to-date: /home/philipp/projects/pytorch/torch/lib/tmp_install/include/TH/generic/THTensorRandom.h
-- Up-to-date: /home/philipp/projects/pytorch/torch/lib/tmp_install/include/TH/generic/THVectorDispatch.c
-- Up-to-date: /home/philipp/projects/pytorch/torch/lib/tmp_install/include/TH/generic/THVector.h
-- Up-to-date: /home/philipp/projects/pytorch/torch/lib/tmp_install/share/cmake/TH/THConfig.cmake
-- TH_LIBRARIES: /home/philipp/projects/pytorch/torch/lib/tmp_install/lib/libTH.so.1
-- THS_SO_VERSION: 1
-- Configuring done
-- Generating done
-- Build files have been written to: /home/philipp/projects/pytorch/torch/lib/build/THS
[100%] Built target THS
Install the project...
-- Install configuration: "Release"
-- Installing: /home/philipp/projects/pytorch/torch/lib/tmp_install/lib/libTHS.so.1
-- Installing: /home/philipp/projects/pytorch/torch/lib/tmp_install/lib/libTHS.so
-- Set runtime path of "/home/philipp/projects/pytorch/torch/lib/tmp_install/lib/libTHS.so.1" to ""
-- Up-to-date: /home/philipp/projects/pytorch/torch/lib/tmp_install/include/THS/THS.h
-- Up-to-date: /home/philipp/projects/pytorch/torch/lib/tmp_install/include/THS/THSGenerateAllTypes.h
-- Up-to-date: /home/philipp/projects/pytorch/torch/lib/tmp_install/include/THS/THSGenerateFloatTypes.h
-- Up-to-date: /home/philipp/projects/pytorch/torch/lib/tmp_install/include/THS/THSGenerateComplexTypes.h
-- Up-to-date: /home/philipp/projects/pytorch/torch/lib/tmp_install/include/THS/THSGenerateIntTypes.h
-- Up-to-date: /home/philipp/projects/pytorch/torch/lib/tmp_install/include/THS/THSTensor.h
-- Up-to-date: /home/philipp/projects/pytorch/torch/lib/tmp_install/include/THS/generic/THSTensor.c
-- Up-to-date: /home/philipp/projects/pytorch/torch/lib/tmp_install/include/THS/generic/THSTensor.h
-- Up-to-date: /home/philipp/projects/pytorch/torch/lib/tmp_install/include/THS/generic/THSTensorMath.c
-- Up-to-date: /home/philipp/projects/pytorch/torch/lib/tmp_install/include/THS/generic/THSTensorMath.h
-- TH_LIBRARIES: /home/philipp/projects/pytorch/torch/lib/tmp_install/lib/libTH.so.1
-- Compiling with OpenMP support
CMake Warning (dev) at CMakeLists.txt:61 (LINK_DIRECTORIES):
  This command specifies the relative path

    

  as a link directory.

  Policy CMP0015 is not set: link_directories() treats paths relative to the
  source dir.  Run "cmake --help-policy CMP0015" for policy details.  Use the
  cmake_policy command to set the policy and suppress this warning.
This warning is for project developers.  Use -Wno-dev to suppress it.

-- THNN_SO_VERSION: 1
-- Configuring done
-- Generating done
-- Build files have been written to: /home/philipp/projects/pytorch/torch/lib/build/THNN
[100%] Built target THNN
Install the project...
-- Install configuration: "Release"
-- Installing: /home/philipp/projects/pytorch/torch/lib/tmp_install/lib/libTHNN.so.1
-- Installing: /home/philipp/projects/pytorch/torch/lib/tmp_install/lib/libTHNN.so
-- Set runtime path of "/home/philipp/projects/pytorch/torch/lib/tmp_install/lib/libTHNN.so.1" to ""
-- Up-to-date: /home/philipp/projects/pytorch/torch/lib/tmp_install/include/THNN/THNN.h
-- Up-to-date: /home/philipp/projects/pytorch/torch/lib/tmp_install/include/THNN/generic/THNN.h
-- Removing -DNDEBUG from compile flags
-- TH_LIBRARIES: /home/philipp/projects/pytorch/torch/lib/tmp_install/lib/libTH.so.1
-- MAGMA not found. Compiling without MAGMA support
-- Autodetected CUDA architecture(s): 5.2
-- got cuda version 8.0
-- Found CUDA with FP16 support, compiling with torch.CudaHalfTensor
-- CUDA_NVCC_FLAGS:  -DTH_INDEX_BASE=0 -I/home/philipp/projects/pytorch/torch/lib/tmp_install/include   -I/home/philipp/projects/pytorch/torch/lib/tmp_install/include/TH -I/home/philipp/projects/pytorch/torch/lib/tmp_install/include/THC   -I/home/philipp/projects/pytorch/torch/lib/tmp_install/include/THS -I/home/philipp/projects/pytorch/torch/lib/tmp_install/include/THCS   -I/home/philipp/projects/pytorch/torch/lib/tmp_install/include/THPP -I/home/philipp/projects/pytorch/torch/lib/tmp_install/include/THNN   -I/home/philipp/projects/pytorch/torch/lib/tmp_install/include/THCUNN;-gencode;arch=compute_52,code=sm_52;-DCUDA_HAS_FP16=1
-- THC_SO_VERSION: 1
-- Configuring done
-- Generating done
-- Build files have been written to: /home/philipp/projects/pytorch/torch/lib/build/THC
[  1%] Building NVCC (Device) object CMakeFiles/THC.dir/THC_generated_THCTensorMath.cu.o
[  2%] Building NVCC (Device) object CMakeFiles/THC.dir/THC_generated_THCTensorMath2.cu.o
[  3%] Building NVCC (Device) object CMakeFiles/THC.dir/THC_generated_THCTensorMathPairwise.cu.o
[  4%] Building NVCC (Device) object CMakeFiles/THC.dir/THC_generated_THCTensorMathReduce.cu.o
[  5%] Building NVCC (Device) object CMakeFiles/THC.dir/THC_generated_THCTensorMathMagma.cu.o
[  6%] Building NVCC (Device) object CMakeFiles/THC.dir/THC_generated_THCTensorMathBlas.cu.o
[  7%] Building NVCC (Device) object CMakeFiles/THC.dir/THC_generated_THCTensorMathScan.cu.o
[  8%] Building NVCC (Device) object CMakeFiles/THC.dir/THC_generated_THCTensorIndex.cu.o
/home/philipp/projects/pytorch/torch/lib/THC/THCTensorMath.cu:6:29: fatal error: THCTensorMath.cuh: No such file or directory
 #include "THCTensorMath.cuh"
                             ^
compilation terminated.
CMake Error at THC_generated_THCTensorMath.cu.o.cmake:207 (message):
  Error generating
  /home/philipp/projects/pytorch/torch/lib/build/THC/CMakeFiles/THC.dir//./THC_generated_THCTensorMath.cu.o


CMakeFiles/THC.dir/build.make:2757: recipe for target 'CMakeFiles/THC.dir/THC_generated_THCTensorMath.cu.o' failed
make[2]: *** [CMakeFiles/THC.dir/THC_generated_THCTensorMath.cu.o] Error 1
make[2]: *** Waiting for unfinished jobs....
/home/philipp/projects/pytorch/torch/lib/THC/THCTensorMathScan.cu(60): warning: __shared__ memory variable with non-empty constructor or destructor (potential race between threads)
          detected during:
            instantiation of "void THCTensor_kernel_scanInnermostDim<T,num_threads_x,num_threads_y,BinaryFunction>(T *, T *, unsigned int, unsigned int, T, BinaryFunction) [with T=ccx, num_threads_x=16, num_threads_y=32, BinaryFunction=AddOp<ccx>]" 
/home/philipp/projects/pytorch/torch/lib/THC/generic/THCTensorMathScan.cu(51): here
            instantiation of "void THCudaZFloatTensor_scanInnermostDim(THCState *, THCudaZFloatTensor *, THCudaZFloatTensor *, ccx, BinaryFunction) [with BinaryFunction=AddOp<ccx>]" 
/home/philipp/projects/pytorch/torch/lib/THC/generic/THCTensorMathScan.cu(66): here
            instantiation of "void THCudaZFloatTensor_scanDim(THCState *, THCudaZFloatTensor *, THCudaZFloatTensor *, long, ccx, BinaryFunction) [with BinaryFunction=AddOp<ccx>]" 
/home/philipp/projects/pytorch/torch/lib/THC/generic/THCTensorMathScan.cu(78): here

/home/philipp/projects/pytorch/torch/lib/THC/THCTensorMathScan.cu(60): warning: __shared__ memory variable with non-empty constructor or destructor (potential race between threads)
          detected during:
            instantiation of "void THCTensor_kernel_scanInnermostDim<T,num_threads_x,num_threads_y,BinaryFunction>(T *, T *, unsigned int, unsigned int, T, BinaryFunction) [with T=ccx, num_threads_x=16, num_threads_y=32, BinaryFunction=MulOp<ccx>]" 
/home/philipp/projects/pytorch/torch/lib/THC/generic/THCTensorMathScan.cu(51): here
            instantiation of "void THCudaZFloatTensor_scanInnermostDim(THCState *, THCudaZFloatTensor *, THCudaZFloatTensor *, ccx, BinaryFunction) [with BinaryFunction=MulOp<ccx>]" 
/home/philipp/projects/pytorch/torch/lib/THC/generic/THCTensorMathScan.cu(66): here
            instantiation of "void THCudaZFloatTensor_scanDim(THCState *, THCudaZFloatTensor *, THCudaZFloatTensor *, long, ccx, BinaryFunction) [with BinaryFunction=MulOp<ccx>]" 
/home/philipp/projects/pytorch/torch/lib/THC/generic/THCTensorMathScan.cu(85): here

/home/philipp/projects/pytorch/torch/lib/THC/THCTensorMathScan.cu(60): warning: __shared__ memory variable with non-empty constructor or destructor (potential race between threads)
          detected during:
            instantiation of "void THCTensor_kernel_scanInnermostDim<T,num_threads_x,num_threads_y,BinaryFunction>(T *, T *, unsigned int, unsigned int, T, BinaryFunction) [with T=zcx, num_threads_x=16, num_threads_y=32, BinaryFunction=AddOp<zcx>]" 
/home/philipp/projects/pytorch/torch/lib/THC/generic/THCTensorMathScan.cu(51): here
            instantiation of "void THCudaZDoubleTensor_scanInnermostDim(THCState *, THCudaZDoubleTensor *, THCudaZDoubleTensor *, zcx, BinaryFunction) [with BinaryFunction=AddOp<zcx>]" 
/home/philipp/projects/pytorch/torch/lib/THC/generic/THCTensorMathScan.cu(66): here
            instantiation of "void THCudaZDoubleTensor_scanDim(THCState *, THCudaZDoubleTensor *, THCudaZDoubleTensor *, long, zcx, BinaryFunction) [with BinaryFunction=AddOp<zcx>]" 
/home/philipp/projects/pytorch/torch/lib/THC/generic/THCTensorMathScan.cu(78): here

/home/philipp/projects/pytorch/torch/lib/THC/THCTensorMathScan.cu(60): warning: __shared__ memory variable with non-empty constructor or destructor (potential race between threads)
          detected during:
            instantiation of "void THCTensor_kernel_scanInnermostDim<T,num_threads_x,num_threads_y,BinaryFunction>(T *, T *, unsigned int, unsigned int, T, BinaryFunction) [with T=zcx, num_threads_x=16, num_threads_y=32, BinaryFunction=MulOp<zcx>]" 
/home/philipp/projects/pytorch/torch/lib/THC/generic/THCTensorMathScan.cu(51): here
            instantiation of "void THCudaZDoubleTensor_scanInnermostDim(THCState *, THCudaZDoubleTensor *, THCudaZDoubleTensor *, zcx, BinaryFunction) [with BinaryFunction=MulOp<zcx>]" 
/home/philipp/projects/pytorch/torch/lib/THC/generic/THCTensorMathScan.cu(66): here
            instantiation of "void THCudaZDoubleTensor_scanDim(THCState *, THCudaZDoubleTensor *, THCudaZDoubleTensor *, long, zcx, BinaryFunction) [with BinaryFunction=MulOp<zcx>]" 
/home/philipp/projects/pytorch/torch/lib/THC/generic/THCTensorMathScan.cu(85): here

CMakeFiles/Makefile2:67: recipe for target 'CMakeFiles/THC.dir/all' failed
make[1]: *** [CMakeFiles/THC.dir/all] Error 2
Makefile:127: recipe for target 'all' failed
make: *** [all] Error 2
